----------------------------------------------------------------
Sat Jul 18 19:33:51 BST 2020:
Booting Derby version The Apache Software Foundation - Apache Derby - 10.14.2.0 - (1828579): instance a816c00e-0173-6334-2cfe-000013634e08 
on database directory memory:C:\Users\Admin\git\LocalRefApp\reference-app\734d42fd-a001-4e58-b9cb-d582a33158d2 with class loader sun.misc.Launcher$AppClassLoader@42a57993 
Loaded from file:/C:/Users/Admin/.m2/repository/org/apache/derby/derby/10.14.2.0/derby-10.14.2.0.jar
java.vendor=Oracle Corporation
java.runtime.version=1.8.0_201-b09
user.dir=C:\Users\Admin\git\LocalRefApp\reference-app
os.name=Windows 10
os.arch=amd64
os.version=10.0
derby.system.home=null
Database Class Loader started - derby.database.classpath=''
----------------------------------------------------------------
Sat Jul 18 19:33:55 BST 2020:
Booting Derby version The Apache Software Foundation - Apache Derby - 10.14.2.0 - (1828579): instance d46b80cd-0173-6334-2cfe-000013634e08 
on database directory memory:C:\Users\Admin\git\LocalRefApp\reference-app\5fd5af31-ce02-49dd-b99a-dd3d545329ca with class loader sun.misc.Launcher$AppClassLoader@42a57993 
Loaded from file:/C:/Users/Admin/.m2/repository/org/apache/derby/derby/10.14.2.0/derby-10.14.2.0.jar
java.vendor=Oracle Corporation
java.runtime.version=1.8.0_201-b09
user.dir=C:\Users\Admin\git\LocalRefApp\reference-app
os.name=Windows 10
os.arch=amd64
os.version=10.0
derby.system.home=null
Database Class Loader started - derby.database.classpath=''
----------------------------------------------------------------
Sat Jul 18 19:33:57 BST 2020:
Booting Derby version The Apache Software Foundation - Apache Derby - 10.14.2.0 - (1828579): instance ad8a418f-0173-6334-2cfe-000013634e08 
on database directory memory:C:\Users\Admin\git\LocalRefApp\reference-app\7e45b4c6-b693-479c-96ed-39c708d9353c with class loader sun.misc.Launcher$AppClassLoader@42a57993 
Loaded from file:/C:/Users/Admin/.m2/repository/org/apache/derby/derby/10.14.2.0/derby-10.14.2.0.jar
java.vendor=Oracle Corporation
java.runtime.version=1.8.0_201-b09
user.dir=C:\Users\Admin\git\LocalRefApp\reference-app
os.name=Windows 10
os.arch=amd64
os.version=10.0
derby.system.home=null
Database Class Loader started - derby.database.classpath=''
----------------------------------------------------------------
Sat Jul 18 19:33:59 BST 2020:
Booting Derby version The Apache Software Foundation - Apache Derby - 10.14.2.0 - (1828579): instance 51aec24e-0173-6334-2cfe-000013634e08 
on database directory memory:C:\Users\Admin\git\LocalRefApp\reference-app\d325a2d5-31e2-48b6-abb2-4756209e6743 with class loader sun.misc.Launcher$AppClassLoader@42a57993 
Loaded from file:/C:/Users/Admin/.m2/repository/org/apache/derby/derby/10.14.2.0/derby-10.14.2.0.jar
java.vendor=Oracle Corporation
java.runtime.version=1.8.0_201-b09
user.dir=C:\Users\Admin\git\LocalRefApp\reference-app
os.name=Windows 10
os.arch=amd64
os.version=10.0
derby.system.home=null
Database Class Loader started - derby.database.classpath=''
----------------------------------------------------------------
Sat Jul 18 19:34:00 BST 2020:
Booting Derby version The Apache Software Foundation - Apache Derby - 10.14.2.0 - (1828579): instance 35464312-0173-6334-2cfe-000013634e08 
on database directory memory:C:\Users\Admin\git\LocalRefApp\reference-app\6db8062c-5a55-4d2f-ab5d-a6d35bdca2e5 with class loader sun.misc.Launcher$AppClassLoader@42a57993 
Loaded from file:/C:/Users/Admin/.m2/repository/org/apache/derby/derby/10.14.2.0/derby-10.14.2.0.jar
java.vendor=Oracle Corporation
java.runtime.version=1.8.0_201-b09
user.dir=C:\Users\Admin\git\LocalRefApp\reference-app
os.name=Windows 10
os.arch=amd64
os.version=10.0
derby.system.home=null
Database Class Loader started - derby.database.classpath=''
----------------------------------------------------------------
Sat Jul 18 19:34:02 BST 2020:
Booting Derby version The Apache Software Foundation - Apache Derby - 10.14.2.0 - (1828579): instance 2fb243cf-0173-6334-2cfe-000013634e08 
on database directory memory:C:\Users\Admin\git\LocalRefApp\reference-app\6e60f9f1-f76c-442e-ba44-7813d5320ba1 with class loader sun.misc.Launcher$AppClassLoader@42a57993 
Loaded from file:/C:/Users/Admin/.m2/repository/org/apache/derby/derby/10.14.2.0/derby-10.14.2.0.jar
java.vendor=Oracle Corporation
java.runtime.version=1.8.0_201-b09
user.dir=C:\Users\Admin\git\LocalRefApp\reference-app
os.name=Windows 10
os.arch=amd64
os.version=10.0
derby.system.home=null
Database Class Loader started - derby.database.classpath=''
----------------------------------------------------------------
Sat Jul 18 19:34:03 BST 2020:
Booting Derby version The Apache Software Foundation - Apache Derby - 10.14.2.0 - (1828579): instance 3f46c48e-0173-6334-2cfe-000013634e08 
on database directory memory:C:\Users\Admin\git\LocalRefApp\reference-app\99326c5c-f326-4849-8adc-97b8825df994 with class loader sun.misc.Launcher$AppClassLoader@42a57993 
Loaded from file:/C:/Users/Admin/.m2/repository/org/apache/derby/derby/10.14.2.0/derby-10.14.2.0.jar
java.vendor=Oracle Corporation
java.runtime.version=1.8.0_201-b09
user.dir=C:\Users\Admin\git\LocalRefApp\reference-app
os.name=Windows 10
os.arch=amd64
os.version=10.0
derby.system.home=null
Database Class Loader started - derby.database.classpath=''
----------------------------------------------------------------
Sat Jul 18 19:34:06 BST 2020:
Booting Derby version The Apache Software Foundation - Apache Derby - 10.14.2.0 - (1828579): instance 7e760550-0173-6334-2cfe-000013634e08 
on database directory memory:C:\Users\Admin\git\LocalRefApp\reference-app\4e8f7512-13e0-4db2-a37f-fb1fac4b29e7 with class loader sun.misc.Launcher$AppClassLoader@42a57993 
Loaded from file:/C:/Users/Admin/.m2/repository/org/apache/derby/derby/10.14.2.0/derby-10.14.2.0.jar
java.vendor=Oracle Corporation
java.runtime.version=1.8.0_201-b09
user.dir=C:\Users\Admin\git\LocalRefApp\reference-app
os.name=Windows 10
os.arch=amd64
os.version=10.0
derby.system.home=null
Database Class Loader started - derby.database.classpath=''
